#
# A fatal error has been detected by the Java Runtime Environment:
#
#  EXCEPTION_ACCESS_VIOLATION (0xc0000005) at pc=0x00007ffdd63ccda2, pid=39240, tid=0x0000000000009b3c
#
# JRE version: Java(TM) SE Runtime Environment (8.0_401) (build 1.8.0_401-b10)
# Java VM: Java HotSpot(TM) 64-Bit Server VM (25.401-b10 mixed mode windows-amd64 compressed oops)
# Problematic frame:
# V  [jvm.dll+0x15cda2]
#
# Failed to write core dump. Minidumps are not enabled by default on client versions of Windows
#
# If you would like to submit a bug report, please visit:
#   http://bugreport.java.com/bugreport/crash.jsp
#

---------------  T H R E A D  ---------------

Current thread (0x000001f6c78c1000):  JavaThread "JDWP Transport Listener: dt_socket" daemon [_thread_in_vm, id=39740, stack(0x0000001cccc00000,0x0000001cccd00000)]

siginfo: ExceptionCode=0xc0000005, reading address 0x0000000000000010

Registers:
RAX=0x0000000000000008, RBX=0x000001f6c78c1000, RCX=0x00000007843805b8, RDX=0x000001f6c78c5428
RSP=0x0000001ccccff380, RBP=0x00000007c00016d0, RSI=0x000001f6c78c5428, RDI=0x000001f6c78c5400
R8 =0x000001f6af20a2e0, R9 =0x0000000000000001, R10=0x0000000000008000, R11=0x0000001ccccff3d0
R12=0x00007ffe1dc9b3e0, R13=0x0000000000000002, R14=0x000001f6af20a2e0, R15=0x00007ffe1dc98330
RIP=0x00007ffdd63ccda2, EFLAGS=0x0000000000010202

Top of Stack: (sp=0x0000001ccccff380)
0x0000001ccccff380:   000001f6c78e2f78 000001f6c78c1000
0x0000001ccccff390:   000000000000000c 00000007c0060218
0x0000001ccccff3a0:   000001f6c78c5428 00007ffe1dc957e2
0x0000001ccccff3b0:   00007ffe1dc9d434 0000001ccccff590
0x0000001ccccff3c0:   00007ffe1dc98318 000001f6c78c1200
0x0000001ccccff3d0:   000000000000004c 000001f6c78e2f78
0x0000001ccccff3e0:   0000000000000000 00007ffe1dc96851
0x0000001ccccff3f0:   000001f6c78c5428 0000000000000032
0x0000001ccccff400:   000001f6c78c1200 000001f6c78c1200
0x0000001ccccff410:   0000000000000000 0000000000000001
0x0000001ccccff420:   000001f6c78e2f78 0000001ccccff590
0x0000001ccccff430:   0000001ccccff560 00007ffe1dc86d22
0x0000001ccccff440:   000001f6c78e2f78 0000001ccccff590
0x0000001ccccff450:   0000000000000000 0000000000000000
0x0000001ccccff460:   0000001ccccff560 00007ffe1dc9512b
0x0000001ccccff470:   000001f6c8d322f0 000001f6c78c1200 

Instructions: (pc=0x00007ffdd63ccda2)
0x00007ffdd63ccd82:   85 c0 74 57 40 f6 c6 01 74 0a 48 8b ce e8 dc 16
0x00007ffdd63ccd92:   0c 00 eb 03 48 8b 06 40 38 3d 8e a2 6c 00 74 16
0x00007ffdd63ccda2:   44 8b 40 08 8b 0d 64 6f 65 00 49 d3 e0 4c 03 05
0x00007ffdd63ccdb2:   52 6f 65 00 eb 04 4c 8b 40 08 8b 4d 0c 4a 39 2c 


Register to memory mapping:

RAX=0x0000000000000008 is an unknown value
RBX=0x000001f6c78c1000 is a thread
RCX=0x00000007843805b8 is an oop
java.lang.Class 
 - klass: 'java/lang/Class'
 - ---- fields (total size 15 words):
 - private volatile transient strict 'cachedConstructor' 'Ljava/lang/reflect/Constructor;' @12  NULL (0 0)
 - private volatile transient strict 'newInstanceCallerCache' 'Ljava/lang/Class;' @16  NULL (0 f0877ccc)
 - private transient 'name' 'Ljava/lang/String;' @20  "java.lang.String" (f0877ccc 0)
 - private final 'classLoader' 'Ljava/lang/ClassLoader;' @24  NULL (0 0)
 - private volatile transient strict 'reflectionData' 'Ljava/lang/ref/SoftReference;' @28  NULL (0 0)
 - private volatile transient 'genericInfo' 'Lsun/reflect/generics/repository/ClassRepository;' @32  NULL (0 0)
 - private volatile transient strict 'enumConstants' '[Ljava/lang/Object;' @36  NULL (0 0)
 - private volatile transient strict 'enumConstantDirectory' 'Ljava/util/Map;' @40  NULL (0 0)
 - private volatile transient 'annotationData' 'Ljava/lang/Class$AnnotationData;' @44  NULL (0 0)
 - private volatile transient 'annotationType' 'Lsun/reflect/annotation/AnnotationType;' @48  NULL (0 0)
 - transient 'classValueMap' 'Ljava/lang/ClassValue$ClassValueMap;' @52  NULL (0 0)
 - private volatile transient 'classRedefinedCount' 'I' @88  0
 - signature: Ljava/lang/String;
 - fake entry for mirror: 
 - fake entry for array: 
 - fake entry for oop_size: 15
 - fake entry for static_oop_field_count: 2
 - private static final 'serialVersionUID' 'J' @112  -6849794470754667710 (7a3bb342 a0f0a438)
 - private static final 'serialPersistentFields' '[Ljava/io/ObjectStreamField;' @104  a 'java/io/ObjectStreamField'[0]  (f0877fe1 f0877fe3)
 - public static final strict 'CASE_INSENSITIVE_ORDER' 'Ljava/util/Comparator;' @108  a 'java/lang/String$CaseInsensitiveComparator' (f0877fe3 7a3bb342)
RDX=0x000001f6c78c5428 is an unknown value
RSP=0x0000001ccccff380 is pointing into the stack for thread: 0x000001f6c78c1000
RBP=0x00000007c00016d0 is pointing into metadata
RSI=0x000001f6c78c5428 is an unknown value
RDI=0x000001f6c78c5400 is an unknown value
R8 =0x000001f6af20a2e0 is a global jni handle
R9 =0x0000000000000001 is an unknown value
R10=0x0000000000008000 is an unknown value
R11=0x0000001ccccff3d0 is pointing into the stack for thread: 0x000001f6c78c1000
R12=0x00007ffe1dc9b3e0 is an unknown value
R13=0x0000000000000002 is an unknown value
R14=0x000001f6af20a2e0 is a global jni handle
R15=0x00007ffe1dc98330 is an unknown value


Stack: [0x0000001cccc00000,0x0000001cccd00000],  sp=0x0000001ccccff380,  free space=1020k
Native frames: (J=compiled Java code, j=interpreted, Vv=VM code, C=native code)
V  [jvm.dll+0x15cda2]
C  [jdwp.dll+0x257e2]
C  [jdwp.dll+0x26851]
C  [jdwp.dll+0x2512b]
C  [jdwp.dll+0x4698]
C  [jdwp.dll+0xee04]
C  [jdwp.dll+0x1f530]
C  [jdwp.dll+0x1f45e]
V  [jvm.dll+0x1c91ba]
V  [jvm.dll+0x2515d2]
V  [jvm.dll+0x2acb3c]
C  [ucrtbase.dll+0x21bb2]
C  [KERNEL32.DLL+0x17344]
C  [ntdll.dll+0x526b1]


---------------  P R O C E S S  ---------------

Java Threads: ( => current thread )
  0x000001f6af1c2800 JavaThread "DestroyJavaVM" [_thread_blocked, id=36752, stack(0x0000001ccc200000,0x0000001ccc300000)]
  0x000001f6c8d17800 JavaThread "t2" [_thread_blocked, id=39384, stack(0x0000001ccd500000,0x0000001ccd600000)]
  0x000001f6c8d17000 JavaThread "t1" [_thread_in_native, id=13296, stack(0x0000001ccd400000,0x0000001ccd500000)]
  0x000001f6c89e1800 JavaThread "Service Thread" daemon [_thread_blocked, id=35552, stack(0x0000001ccd200000,0x0000001ccd300000)]
  0x000001f6c78f6800 JavaThread "C1 CompilerThread2" daemon [_thread_blocked, id=28300, stack(0x0000001ccd100000,0x0000001ccd200000)]
  0x000001f6c78e1800 JavaThread "C2 CompilerThread1" daemon [_thread_blocked, id=38844, stack(0x0000001ccd000000,0x0000001ccd100000)]
  0x000001f6c78e4000 JavaThread "C2 CompilerThread0" daemon [_thread_blocked, id=8684, stack(0x0000001cccf00000,0x0000001ccd000000)]
  0x000001f6c78d4800 JavaThread "JDWP Command Reader" daemon [_thread_in_native, id=39428, stack(0x0000001ccce00000,0x0000001cccf00000)]
  0x000001f6c78d3000 JavaThread "JDWP Event Helper Thread" daemon [_thread_blocked, id=31728, stack(0x0000001cccd00000,0x0000001ccce00000)]
=>0x000001f6c78c1000 JavaThread "JDWP Transport Listener: dt_socket" daemon [_thread_in_vm, id=39740, stack(0x0000001cccc00000,0x0000001cccd00000)]
  0x000001f6c78b5800 JavaThread "Attach Listener" daemon [_thread_blocked, id=32020, stack(0x0000001cccb00000,0x0000001cccc00000)]
  0x000001f6c789f800 JavaThread "Signal Dispatcher" daemon [_thread_blocked, id=37160, stack(0x0000001ccca00000,0x0000001cccb00000)]
  0x000001f6c782c000 JavaThread "Finalizer" daemon [_thread_blocked, id=38180, stack(0x0000001ccc900000,0x0000001ccca00000)]
  0x000001f6c7824800 JavaThread "Reference Handler" daemon [_thread_blocked, id=39656, stack(0x0000001ccc800000,0x0000001ccc900000)]

Other Threads:
  0x000001f6c77fa000 VMThread [stack: 0x0000001ccc700000,0x0000001ccc800000] [id=37120]
  0x000001f6c89f1000 WatcherThread [stack: 0x0000001ccd300000,0x0000001ccd400000] [id=38304]

VM state:not at safepoint (normal execution)

VM Mutex/Monitor currently owned by a thread: None

heap address: 0x0000000702400000, size: 3036 MB, Compressed Oops mode: Zero based, Oop shift amount: 3
Narrow klass base: 0x0000000000000000, Narrow klass shift: 3
Compressed class space size: 1073741824 Address: 0x00000007c0000000

Heap:
 PSYoungGen      total 56832K, used 26060K [0x0000000780c00000, 0x0000000784b00000, 0x00000007c0000000)
  eden space 49152K, 50% used [0x0000000780c00000,0x0000000782474a50,0x0000000783c00000)
  from space 7680K, 13% used [0x0000000784380000,0x000000078447e648,0x0000000784b00000)
  to   space 7680K, 0% used [0x0000000783c00000,0x0000000783c00000,0x0000000784380000)
 ParOldGen       total 130048K, used 8K [0x0000000702400000, 0x000000070a300000, 0x0000000780c00000)
  object space 130048K, 0% used [0x0000000702400000,0x0000000702402000,0x000000070a300000)
 Metaspace       used 4038K, capacity 4686K, committed 4864K, reserved 1056768K
  class space    used 441K, capacity 498K, committed 512K, reserved 1048576K

Card table byte_map: [0x000001f6bff90000,0x000001f6c0580000] byte_map_base: 0x000001f6bc77e000

Marking Bits: (ParMarkBitMap*) 0x00007ffdd6aa5fc0
 Begin Bits: [0x000001f6c0980000, 0x000001f6c38f0000)
 End Bits:   [0x000001f6c38f0000, 0x000001f6c6860000)

Polling page: 0x000001f6af3a0000

CodeCache: size=245760Kb used=1796Kb max_used=1811Kb free=243963Kb
 bounds [0x000001f6b0bd0000, 0x000001f6b0e40000, 0x000001f6bfbd0000]
 total_blobs=575 nmethods=318 adapters=178
 compilation: enabled

Compilation events (10 events):
Event: 0.486 Thread 0x000001f6c78e1800 nmethod 314 0x000001f6b0d87c90 code [0x000001f6b0d87e20, 0x000001f6b0d88568]
Event: 0.486 Thread 0x000001f6c78e1800  315   !   4       java.io.PrintStream::newLine (73 bytes)
Event: 0.487 Thread 0x000001f6c78e4000 nmethod 313 0x000001f6b0d8d110 code [0x000001f6b0d8d320, 0x000001f6b0d8e200]
Event: 0.492 Thread 0x000001f6c78e1800 nmethod 315 0x000001f6b0d8f7d0 code [0x000001f6b0d8f980, 0x000001f6b0d90310]
Event: 0.904 Thread 0x000001f6c78f6800  316 %     3       com.lock.MyLock::lock @ 0 (79 bytes)
Event: 0.905 Thread 0x000001f6c78f6800 nmethod 316% 0x000001f6b0d82b10 code [0x000001f6b0d82de0, 0x000001f6b0d84420]
Event: 0.912 Thread 0x000001f6c78f6800  317       3       com.lock.MyLock::lock (79 bytes)
Event: 0.913 Thread 0x000001f6c78f6800 nmethod 317 0x000001f6b0d90bd0 code [0x000001f6b0d90ea0, 0x000001f6b0d924a0]
Event: 1.629 Thread 0x000001f6c78e4000  318 %     4       com.lock.MyLock::lock @ 0 (79 bytes)
Event: 1.647 Thread 0x000001f6c78e4000 nmethod 318% 0x000001f6b0d954d0 code [0x000001f6b0d956c0, 0x000001f6b0d96668]

GC Heap History (4 events):
Event: 2.271 GC heap before
{Heap before GC invocations=1 (full 0):
 PSYoungGen      total 56832K, used 49152K [0x0000000780c00000, 0x0000000784b00000, 0x00000007c0000000)
  eden space 49152K, 100% used [0x0000000780c00000,0x0000000783c00000,0x0000000783c00000)
  from space 7680K, 0% used [0x0000000784380000,0x0000000784380000,0x0000000784b00000)
  to   space 7680K, 0% used [0x0000000783c00000,0x0000000783c00000,0x0000000784380000)
 ParOldGen       total 130048K, used 0K [0x0000000702400000, 0x000000070a300000, 0x0000000780c00000)
  object space 130048K, 0% used [0x0000000702400000,0x0000000702400000,0x000000070a300000)
 Metaspace       used 4038K, capacity 4686K, committed 4864K, reserved 1056768K
  class space    used 441K, capacity 498K, committed 512K, reserved 1048576K
Event: 2.272 GC heap after
Heap after GC invocations=1 (full 0):
 PSYoungGen      total 56832K, used 1001K [0x0000000780c00000, 0x0000000784b00000, 0x00000007c0000000)
  eden space 49152K, 0% used [0x0000000780c00000,0x0000000780c00000,0x0000000783c00000)
  from space 7680K, 13% used [0x0000000783c00000,0x0000000783cfa658,0x0000000784380000)
  to   space 7680K, 0% used [0x0000000784380000,0x0000000784380000,0x0000000784b00000)
 ParOldGen       total 130048K, used 8K [0x0000000702400000, 0x000000070a300000, 0x0000000780c00000)
  object space 130048K, 0% used [0x0000000702400000,0x0000000702402000,0x000000070a300000)
 Metaspace       used 4038K, capacity 4686K, committed 4864K, reserved 1056768K
  class space    used 441K, capacity 498K, committed 512K, reserved 1048576K
}
Event: 5.052 GC heap before
{Heap before GC invocations=2 (full 0):
 PSYoungGen      total 56832K, used 50153K [0x0000000780c00000, 0x0000000784b00000, 0x00000007c0000000)
  eden space 49152K, 100% used [0x0000000780c00000,0x0000000783c00000,0x0000000783c00000)
  from space 7680K, 13% used [0x0000000783c00000,0x0000000783cfa658,0x0000000784380000)
  to   space 7680K, 0% used [0x0000000784380000,0x0000000784380000,0x0000000784b00000)
 ParOldGen       total 130048K, used 8K [0x0000000702400000, 0x000000070a300000, 0x0000000780c00000)
  object space 130048K, 0% used [0x0000000702400000,0x0000000702402000,0x000000070a300000)
 Metaspace       used 4038K, capacity 4686K, committed 4864K, reserved 1056768K
  class space    used 441K, capacity 498K, committed 512K, reserved 1048576K
Event: 5.053 GC heap after
Heap after GC invocations=2 (full 0):
 PSYoungGen      total 56832K, used 1017K [0x0000000780c00000, 0x0000000784b00000, 0x00000007c0000000)
  eden space 49152K, 0% used [0x0000000780c00000,0x0000000780c00000,0x0000000783c00000)
  from space 7680K, 13% used [0x0000000784380000,0x000000078447e648,0x0000000784b00000)
  to   space 7680K, 0% used [0x0000000783c00000,0x0000000783c00000,0x0000000784380000)
 ParOldGen       total 130048K, used 8K [0x0000000702400000, 0x000000070a300000, 0x0000000780c00000)
  object space 130048K, 0% used [0x0000000702400000,0x0000000702402000,0x000000070a300000)
 Metaspace       used 4038K, capacity 4686K, committed 4864K, reserved 1056768K
  class space    used 441K, capacity 498K, committed 512K, reserved 1048576K
}

Deoptimization events (1 events):
Event: 0.309 Thread 0x000001f6af1c2800 Uncommon trap: reason=unstable_if action=reinterpret pc=0x000001f6b0cd47c4 method=java.lang.String.hashCode()I @ 14

Classes redefined (0 events):
No events

Internal exceptions (4 events):
Event: 0.048 Thread 0x000001f6af1c2800 Exception <a 'java/lang/NoSuchMethodError': Method sun.misc.Unsafe.defineClass(Ljava/lang/String;[BII)Ljava/lang/Class; name or signature does not match> (0x0000000780c07ce0) thrown at [C:\jenkins\workspace\8-2-build-windows-x64-cygwin-sans-NAS\jdk8u401\6
Event: 0.048 Thread 0x000001f6af1c2800 Exception <a 'java/lang/NoSuchMethodError': Method sun.misc.Unsafe.prefetchRead(Ljava/lang/Object;J)V name or signature does not match> (0x0000000780c07fc8) thrown at [C:\jenkins\workspace\8-2-build-windows-x64-cygwin-sans-NAS\jdk8u401\683\hotspot\src\sha
Event: 0.378 Thread 0x000001f6af1c2800 Exception <a 'java/lang/NoSuchFieldError': method resolution failed> (0x00000007811a0cd0) thrown at [C:\jenkins\workspace\8-2-build-windows-x64-cygwin-sans-NAS\jdk8u401\683\hotspot\src\share\vm\prims\methodHandles.cpp, line 1188]
Event: 0.381 Thread 0x000001f6af1c2800 Exception <a 'java/lang/NoSuchFieldError': method resolution failed> (0x00000007811af668) thrown at [C:\jenkins\workspace\8-2-build-windows-x64-cygwin-sans-NAS\jdk8u401\683\hotspot\src\share\vm\prims\methodHandles.cpp, line 1188]

Events (10 events):
Event: 5.899 Executing VM operation: GetFrameLocation
Event: 5.899 Executing VM operation: GetFrameLocation done
Event: 5.920 Executing VM operation: GetFrameLocation
Event: 5.920 Executing VM operation: GetFrameLocation done
Event: 5.920 Executing VM operation: GetOrSetLocal
Event: 5.920 Executing VM operation: GetOrSetLocal done
Event: 5.921 Executing VM operation: GetFrameLocation
Event: 5.921 Executing VM operation: GetFrameLocation done
Event: 5.921 Executing VM operation: GetOrSetLocal
Event: 5.921 Executing VM operation: GetOrSetLocal done


Dynamic libraries:
0x00007ff7cc620000 - 0x00007ff7cc66a000 	C:\Program Files\Java\jdk-1.8\bin\java.exe
0x00007ffe3f330000 - 0x00007ffe3f528000 	C:\WINDOWS\SYSTEM32\ntdll.dll
0x00007ffe3d3c0000 - 0x00007ffe3d47d000 	C:\WINDOWS\System32\KERNEL32.DLL
0x00007ffe3cc40000 - 0x00007ffe3cf36000 	C:\WINDOWS\System32\KERNELBASE.dll
0x00007ffe3dfa0000 - 0x00007ffe3e050000 	C:\WINDOWS\System32\ADVAPI32.dll
0x00007ffe3e3a0000 - 0x00007ffe3e43e000 	C:\WINDOWS\System32\msvcrt.dll
0x00007ffe3e150000 - 0x00007ffe3e1f0000 	C:\WINDOWS\System32\sechost.dll
0x00007ffe3e440000 - 0x00007ffe3e565000 	C:\WINDOWS\System32\RPCRT4.dll
0x00007ffe3d160000 - 0x00007ffe3d187000 	C:\WINDOWS\System32\bcrypt.dll
0x00007ffe3e200000 - 0x00007ffe3e39e000 	C:\WINDOWS\System32\USER32.dll
0x00007ffe3d2e0000 - 0x00007ffe3d302000 	C:\WINDOWS\System32\win32u.dll
0x00007ffe3dde0000 - 0x00007ffe3de0b000 	C:\WINDOWS\System32\GDI32.dll
0x00007ffe3d040000 - 0x00007ffe3d157000 	C:\WINDOWS\System32\gdi32full.dll
0x00007ffe3d190000 - 0x00007ffe3d22d000 	C:\WINDOWS\System32\msvcp_win.dll
0x00007ffe3c9e0000 - 0x00007ffe3cae0000 	C:\WINDOWS\System32\ucrtbase.dll
0x00007ffe27990000 - 0x00007ffe27c2a000 	C:\WINDOWS\WinSxS\amd64_microsoft.windows.common-controls_6595b64144ccf1df_6.0.19041.3636_none_60b6a03d71f818d5\COMCTL32.dll
0x00007ffe3e050000 - 0x00007ffe3e082000 	C:\WINDOWS\System32\IMM32.DLL
0x00007ffe37340000 - 0x00007ffe3735b000 	C:\Program Files\Java\jdk-1.8\jre\bin\vcruntime140.dll
0x00007ffe2d740000 - 0x00007ffe2d74c000 	C:\Program Files\Java\jdk-1.8\jre\bin\vcruntime140_1.dll
0x00007ffe0c6c0000 - 0x00007ffe0c74e000 	C:\Program Files\Java\jdk-1.8\jre\bin\msvcp140.dll
0x00007ffdd6270000 - 0x00007ffdd6b20000 	C:\Program Files\Java\jdk-1.8\jre\bin\server\jvm.dll
0x00007ffe3e1f0000 - 0x00007ffe3e1f8000 	C:\WINDOWS\System32\PSAPI.DLL
0x00007ffe2a350000 - 0x00007ffe2a377000 	C:\WINDOWS\SYSTEM32\WINMM.dll
0x00007ffe34070000 - 0x00007ffe3407a000 	C:\WINDOWS\SYSTEM32\VERSION.dll
0x00007ffe22740000 - 0x00007ffe22749000 	C:\WINDOWS\SYSTEM32\WSOCK32.dll
0x00007ffe3f270000 - 0x00007ffe3f2db000 	C:\WINDOWS\System32\WS2_32.dll
0x00007ffe3b270000 - 0x00007ffe3b282000 	C:\WINDOWS\SYSTEM32\kernel.appcore.dll
0x00007ffe2d730000 - 0x00007ffe2d740000 	C:\Program Files\Java\jdk-1.8\jre\bin\verify.dll
0x00007ffe24a10000 - 0x00007ffe24a3b000 	C:\Program Files\Java\jdk-1.8\jre\bin\java.dll
0x00007ffe1dc70000 - 0x00007ffe1dca6000 	C:\Program Files\Java\jdk-1.8\jre\bin\jdwp.dll
0x00007ffe24630000 - 0x00007ffe24639000 	C:\Program Files\Java\jdk-1.8\jre\bin\npt.dll
0x00007ffe1dc30000 - 0x00007ffe1dc64000 	C:\Program Files\Java\jdk-1.8\jre\bin\instrument.dll
0x00007ffe2d710000 - 0x00007ffe2d728000 	C:\Program Files\Java\jdk-1.8\jre\bin\zip.dll
0x00007ffe3e570000 - 0x00007ffe3ecdb000 	C:\WINDOWS\System32\SHELL32.dll
0x00007ffe3a7c0000 - 0x00007ffe3af5e000 	C:\WINDOWS\SYSTEM32\windows.storage.dll
0x00007ffe3ef10000 - 0x00007ffe3f263000 	C:\WINDOWS\System32\combase.dll
0x00007ffe3c410000 - 0x00007ffe3c43e000 	C:\WINDOWS\SYSTEM32\Wldp.dll
0x00007ffe3d500000 - 0x00007ffe3d5cd000 	C:\WINDOWS\System32\OLEAUT32.dll
0x00007ffe3e0a0000 - 0x00007ffe3e14d000 	C:\WINDOWS\System32\SHCORE.dll
0x00007ffe3d880000 - 0x00007ffe3d8d5000 	C:\WINDOWS\System32\shlwapi.dll
0x00007ffe3c910000 - 0x00007ffe3c935000 	C:\WINDOWS\SYSTEM32\profapi.dll
0x00007ffe24620000 - 0x00007ffe2462a000 	C:\Program Files\Java\jdk-1.8\jre\bin\dt_socket.dll
0x00007ffe3c170000 - 0x00007ffe3c1da000 	C:\WINDOWS\system32\mswsock.dll
0x00007ffe3a5d0000 - 0x00007ffe3a7b4000 	C:\WINDOWS\SYSTEM32\dbghelp.dll
0x00007ffe3cfb0000 - 0x00007ffe3d032000 	C:\WINDOWS\System32\bcryptPrimitives.dll

VM Arguments:
jvm_args: -agentlib:jdwp=transport=dt_socket,address=127.0.0.1:3641,suspend=y,server=n -javaagent:C:\Users\Administrator\AppData\Local\JetBrains\IntelliJIdea2021.3\captureAgent\debugger-agent.jar -Dfile.encoding=UTF-8 
java_command: com.lock.MyLockMain
java_class_path (initial): C:\Program Files\Java\jdk-1.8\jre\lib\charsets.jar;C:\Program Files\Java\jdk-1.8\jre\lib\deploy.jar;C:\Program Files\Java\jdk-1.8\jre\lib\ext\access-bridge-64.jar;C:\Program Files\Java\jdk-1.8\jre\lib\ext\cldrdata.jar;C:\Program Files\Java\jdk-1.8\jre\lib\ext\dnsns.jar;C:\Program Files\Java\jdk-1.8\jre\lib\ext\jaccess.jar;C:\Program Files\Java\jdk-1.8\jre\lib\ext\jfxrt.jar;C:\Program Files\Java\jdk-1.8\jre\lib\ext\localedata.jar;C:\Program Files\Java\jdk-1.8\jre\lib\ext\nashorn.jar;C:\Program Files\Java\jdk-1.8\jre\lib\ext\sunec.jar;C:\Program Files\Java\jdk-1.8\jre\lib\ext\sunjce_provider.jar;C:\Program Files\Java\jdk-1.8\jre\lib\ext\sunmscapi.jar;C:\Program Files\Java\jdk-1.8\jre\lib\ext\sunpkcs11.jar;C:\Program Files\Java\jdk-1.8\jre\lib\ext\zipfs.jar;C:\Program Files\Java\jdk-1.8\jre\lib\javaws.jar;C:\Program Files\Java\jdk-1.8\jre\lib\jce.jar;C:\Program Files\Java\jdk-1.8\jre\lib\jfr.jar;C:\Program Files\Java\jdk-1.8\jre\lib\jfxswt.jar;C:\Program Files\Java\jdk-1.8\jre\lib\jsse.jar;C:\Program Files\Java\jdk-1.8\jre\lib\management-agent.jar;C:\Program Files\Java\jdk-1.8\jre\lib\plugin.jar;C:\Program Files\Java\jdk-1.8\jre\lib\resources.jar;C:\Program Files\Java\jdk-1.8\jre\lib\rt.jar;D:\IdeaProjects\demo\java\target\classes;C:\Users\Administrator\.m2\repository\org\springframework\boot\spring-boot-starter\2.2.6.RELEASE\spring-boot-starter-2.2.6.RELEASE.jar;C:\Users\Administrator\.m2\repository\org\springframework\boot\spring-boot\2.2.6.RELEASE\spring-boot-2.2.6.RELEASE.jar;C:\Users\Administrator\.m2\repository\org\springframework\boot\spring-boot-autoconfigure\2.2.6.RELEASE\spring-boot-autoconfigure-2.2.6.RELEASE.jar;C:\Users\Administrator\.m2\repository\org\springframework\boot\spring-boot-starter-logging\2.2.6.RELEASE\spring-boot-starter-logging-2.2.6.RELEASE.jar;C:\Users\Administrator\.m2\repository\org\apache\logging\log4j\log4j-to-slf4j\2.12.1\log4j-to-slf4j-2.12.1.jar;C:\Users\Administrator\.m2\repository\org\apache\logging\log
Launcher Type: SUN_STANDARD

Environment Variables:
PATH=C:\Program Files\Common Files\Oracle\Java\javapath;C:\Program Files (x86)\Common Files\Oracle\Java\javapath;C:\Program Files (x86)\VMware\VMware Workstation\bin\;C:\WINDOWS\system32;C:\WINDOWS;C:\WINDOWS\System32\Wbem;C:\WINDOWS\System32\WindowsPowerShell\v1.0\;C:\WINDOWS\System32\OpenSSH\;C:\Program Files (x86)\NetSarang\Xshell 7\;C:\Program Files (x86)\NetSarang\Xftp 7\;C:\Program Files\Git\cmd;D:\soft\apache-maven-3.6.3\bin;C:\Program Files\MySQL\MySQL Server 5.6\bin;C:\Users\Administrator\AppData\Local\Microsoft\WindowsApps;
USERNAME=Administrator
OS=Windows_NT
PROCESSOR_IDENTIFIER=Intel64 Family 6 Model 94 Stepping 3, GenuineIntel



---------------  S Y S T E M  ---------------

OS: Windows 10 , 64 bit Build 19041 (10.0.19041.3636)

CPU:total 4 (initial active 4) (4 cores per cpu, 1 threads per core) family 6 model 94 stepping 3, cmov, cx8, fxsr, mmx, sse, sse2, sse3, ssse3, sse4.1, sse4.2, popcnt, avx, avx2, aes, clmul, erms, rtm, 3dnowpref, lzcnt, tsc, tscinvbit, bmi1, bmi2, adx

Memory: 4k page, physical 12430220k(3017200k free), swap 22391692k(4572636k free)

vm_info: Java HotSpot(TM) 64-Bit Server VM (25.401-b10) for windows-amd64 JRE (1.8.0_401-b10), built on Dec 19 2023 12:38:48 by "java_re" with MS VC++ 17.1 (VS2022)

time: Fri Mar 29 18:48:23 2024
timezone: Intel64 Family 6 Model 94 Stepping 3, GenuineIntel
elapsed time: 6.102083 seconds (0d 0h 0m 6s)

